<?xml version="1.0" encoding="UTF-8"?>
<!-- Generated by org.testng.reporters.JUnitReportReporter -->
<testsuite skipped="0" hostname="comp13" name="com.example.spring.ApplicationTests" tests="1" failures="0" timestamp="15 Jun 2019 03:03:10 GMT" time="0.019" errors="0">
  <testcase name="contextLoads" time="0.019" classname="com.example.spring.ApplicationTests"/>
</testsuite> <!-- com.example.spring.ApplicationTests -->
